[handleMsg]:  {
  key: {
    remoteJid: '5493875847284@s.whatsapp.net',
    fromMe: false,
    id: '3AE5E6FB8CDED983FA95',
    participant: undefined
  },
  messageTimestamp: 1730013394,
  pushName: 'Pau Torres',
  broadcast: false,
  message: Message {
    conversation: 'menu',
    messageContextInfo: MessageContextInfo {
      deviceListMetadata: [DeviceListMetadata],
      deviceListMetadataVersion: 2,
      messageSecret: [Uint8Array]
    }
  },
  body: 'menu',
  from: '5493875847284'
}
[QUEUE_SE_ENVIO]:  {
  ref: 'ans_cce07243-ab88-4a57-8b9a-c4ce44da301d',
  keyword: 'key_f796a7fd-ea58-4bf5-b2d4-9dc3e34b7b79',
  answer: 'Menú de opciones:\r\n' +
    '\r\n' +
    '*1 - Entrega en Salta*: Coordinar una entrega en Salta Capital.\r\n' +
    '*2 - Talles*: Recibir guía de talles de las remeras.\r\n' +
    '*3 - Cambios y devoluciones*: Información de nuestras políticas.\r\n' +
    '*4 - Seguimiento de pedido*: Información sobre el estado de tu pedido\r\n' +
    '*5 - Atención personalizada*: Te pondremos en contacto con uno de nuestros representantes.',
  options: {
    media: null,
    buttons: [],
    capture: true,
    child: null,
    delay: 0,
    idle: null,
    ref: null,
    nested: [],
    keyword: {},
    callback: true
  },
  refSerialize: '0678be224d7d098728f0b9d000674eb0'
}
[handleMsg]:  {
  key: {
    remoteJid: '5493875847284@s.whatsapp.net',
    fromMe: false,
    id: '3A74ABA7C707F7B118E2',
    participant: undefined
  },
  messageTimestamp: 1730013405,
  pushName: 'Pau Torres',
  broadcast: false,
  message: Message {
    conversation: '6',
    messageContextInfo: MessageContextInfo {
      deviceListMetadata: [DeviceListMetadata],
      deviceListMetadataVersion: 2,
      messageSecret: [Uint8Array]
    }
  },
  body: '6',
  from: '5493875847284'
}
[handleMsg]:  {
  key: {
    remoteJid: '5493875847284@s.whatsapp.net',
    fromMe: false,
    id: '3A945DDF12AB8980C896',
    participant: undefined
  },
  messageTimestamp: 1730013413,
  pushName: 'Pau Torres',
  broadcast: false,
  message: Message {
    conversation: '1',
    messageContextInfo: MessageContextInfo {
      deviceListMetadata: [DeviceListMetadata],
      deviceListMetadataVersion: 2,
      messageSecret: [Uint8Array]
    }
  },
  body: '1',
  from: '5493875847284'
}
[handleMsg]:  {
  key: {
    remoteJid: '5493875847284@s.whatsapp.net',
    fromMe: false,
    id: '3A3B9A8568414331A30E',
    participant: undefined
  },
  messageTimestamp: 1730013419,
  pushName: 'Pau Torres',
  broadcast: false,
  message: Message {
    conversation: 'entrega',
    messageContextInfo: MessageContextInfo {
      deviceListMetadata: [DeviceListMetadata],
      deviceListMetadataVersion: 2,
      messageSecret: [Uint8Array]
    }
  },
  body: 'entrega',
  from: '5493875847284'
}
[QUEUE_SE_ENVIO]:  {
  ref: 'ans_322d0ba0-306e-444d-89cc-d7b5112d1ff8',
  keyword: 'key_b547fd6b-02fe-40e3-85c0-5deb8643e73b',
  answer: '¡Gracias por su compra! Lo pondremos en contacto con un representante. Mientras tanto, por favor, escriba un posible _lugar de encuentro_ o su _domicilio_.',
  options: {
    media: null,
    buttons: [],
    capture: false,
    child: null,
    delay: 0,
    idle: null,
    ref: null,
    nested: [],
    keyword: {},
    callback: false
  },
  refSerialize: 'c98be78730dc80939e9ca965e6ca618a'
}
